Using pre-set license
Built from '2021.1/staging' branch; Version is '2021.1.19f1 (5f5eb8bbdc25) revision 6250168'; Using compiler version '192528614'; Build Type 'Release'
OS: 'Windows 10 Home; OS build 22000.493; Version 2009; 64bit' Language: 'en' Physical Memory: 32721 MB
BatchMode: 1, IsHumanControllingUs: 0, StartBugReporterOnCrash: 0, Is64bit: 1, IsPro: 0

COMMAND LINE ARGUMENTS:
C:\Program Files\Unity\Hub\Editor\2021.1.19f1\Editor\Unity.exe
-adb2
-batchMode
-noUpm
-name
AssetImportWorker0
-projectPath
C:/Users/tomto/Documents/UNI WORK/Old/FishGame
-logFile
Logs/AssetImportWorker0.log
-srvPort
63042
Successfully changed project path to: C:/Users/tomto/Documents/UNI WORK/Old/FishGame
C:/Users/tomto/Documents/UNI WORK/Old/FishGame
Using Asset Import Pipeline V2.
Refreshing native plugins compatible for Editor in 54.68 ms, found 3 plugins.
Preloading 0 native plugins for Editor in 0.00 ms.
Initialize engine version: 2021.1.19f1 (5f5eb8bbdc25)
[Subsystems] Discovering subsystems at path C:/Program Files/Unity/Hub/Editor/2021.1.19f1/Editor/Data/Resources/UnitySubsystems
[Subsystems] Discovering subsystems at path C:/Users/tomto/Documents/UNI WORK/Old/FishGame/Assets
GfxDevice: creating device client; threaded=0; jobified=0
Direct3D:
    Version:  Direct3D 11.0 [level 11.1]
    Renderer: NVIDIA GeForce GTX 1070 (ID=0x1b81)
    Vendor:   NVIDIA
    VRAM:     8088 MB
    Driver:   30.0.15.1179
Initialize mono
Mono path[0] = 'C:/Program Files/Unity/Hub/Editor/2021.1.19f1/Editor/Data/Managed'
Mono path[1] = 'C:/Program Files/Unity/Hub/Editor/2021.1.19f1/Editor/Data/MonoBleedingEdge/lib/mono/unityjit'
Mono config path = 'C:/Program Files/Unity/Hub/Editor/2021.1.19f1/Editor/Data/MonoBleedingEdge/etc'
Using monoOptions --debugger-agent=transport=dt_socket,embedding=1,server=y,suspend=n,address=127.0.0.1:56240
Begin MonoManager ReloadAssembly
Registering precompiled unity dll's ...
Register platform support module: C:/Program Files/Unity/Hub/Editor/2021.1.19f1/Editor/Data/PlaybackEngines/WebGLSupport/UnityEditor.WebGL.Extensions.dll
Register platform support module: C:/Program Files/Unity/Hub/Editor/2021.1.19f1/Editor/Data/PlaybackEngines/WindowsStandaloneSupport/UnityEditor.WindowsStandalone.Extensions.dll
Registered in 0.001443 seconds.
Native extension for WindowsStandalone target not found
Native extension for WebGL target not found
Refreshing native plugins compatible for Editor in 58.76 ms, found 3 plugins.
Preloading 0 native plugins for Editor in 0.00 ms.
Mono: successfully reloaded assembly
- Completed reload, in  1.728 seconds
Domain Reload Profiling:
	ReloadAssembly (1728ms)
		BeginReloadAssembly (46ms)
			ExecutionOrderSort (0ms)
			DisableScriptedObjects (0ms)
			BackupInstance (0ms)
			ReleaseScriptingObjects (0ms)
			CreateAndSetChildDomain (1ms)
		EndReloadAssembly (362ms)
			LoadAssemblies (44ms)
			RebuildTransferFunctionScriptingTraits (0ms)
			SetupTypeCache (132ms)
			ReleaseScriptCaches (0ms)
			RebuildScriptCaches (23ms)
			SetupLoadedEditorAssemblies (171ms)
				LogAssemblyErrors (0ms)
				InitializePlatformSupportModulesInManaged (5ms)
				SetLoadedEditorAssemblies (0ms)
				RefreshPlugins (59ms)
				BeforeProcessingInitializeOnLoad (1ms)
				ProcessInitializeOnLoadAttributes (81ms)
				ProcessInitializeOnLoadMethodAttributes (24ms)
				AfterProcessingInitializeOnLoad (0ms)
				EditorAssembliesLoaded (0ms)
			ExecutionOrderSort2 (0ms)
			AwakeInstancesAfterBackupRestoration (0ms)
Platform modules already initialized, skipping
Registering precompiled user dll's ...
Registered in 0.002421 seconds.
Begin MonoManager ReloadAssembly
Native extension for WindowsStandalone target not found
Native extension for WebGL target not found
Refreshing native plugins compatible for Editor in 57.17 ms, found 3 plugins.
Preloading 0 native plugins for Editor in 0.00 ms.
Mono: successfully reloaded assembly
- Completed reload, in  0.979 seconds
Domain Reload Profiling:
	ReloadAssembly (980ms)
		BeginReloadAssembly (124ms)
			ExecutionOrderSort (0ms)
			DisableScriptedObjects (4ms)
			BackupInstance (0ms)
			ReleaseScriptingObjects (0ms)
			CreateAndSetChildDomain (16ms)
		EndReloadAssembly (804ms)
			LoadAssemblies (74ms)
			RebuildTransferFunctionScriptingTraits (0ms)
			SetupTypeCache (268ms)
			ReleaseScriptCaches (1ms)
			RebuildScriptCaches (44ms)
			SetupLoadedEditorAssemblies (338ms)
				LogAssemblyErrors (0ms)
				InitializePlatformSupportModulesInManaged (4ms)
				SetLoadedEditorAssemblies (0ms)
				RefreshPlugins (57ms)
				BeforeProcessingInitializeOnLoad (73ms)
				ProcessInitializeOnLoadAttributes (187ms)
				ProcessInitializeOnLoadMethodAttributes (13ms)
				AfterProcessingInitializeOnLoad (4ms)
				EditorAssembliesLoaded (0ms)
			ExecutionOrderSort2 (0ms)
			AwakeInstancesAfterBackupRestoration (5ms)
Platform modules already initialized, skipping
========================================================================
Worker process is ready to serve import requests
Launched and connected shader compiler UnityShaderCompiler.exe after 0.04 seconds
Refreshing native plugins compatible for Editor in 0.56 ms, found 3 plugins.
Preloading 0 native plugins for Editor in 0.00 ms.
Unloading 3294 Unused Serialized files (Serialized files now loaded: 0)
System memory in use before: 165.2 MB.
System memory in use after: 165.4 MB.

Unloading 25 unused Assets to reduce memory usage. Loaded Objects now: 3774.
Total: 3.135900 ms (FindLiveObjects: 0.250600 ms CreateObjectMapping: 0.071200 ms MarkObjects: 2.797700 ms  DeleteObjects: 0.015800 ms)

AssetImportParameters requested are different than current active one (requested -> active):
  custom:framework-win-MediaFoundation: 216162199b28c13a410421893ffa2e32 -> 
  custom:video-decoder-ogg-theora: a1e56fd34408186e4bbccfd4996cb3dc -> 
  custom:container-muxer-webm: aa71ff27fc2769a1b78a27578f13a17b -> 
  custom:container-demuxer-webm: 4f35f7cbe854078d1ac9338744f61a02 -> 
  custom:container-demuxer-ogg: 62fdf1f143b41e24485cea50d1cbac27 -> 
  custom:video-encoder-webm-vp8: eb34c28f22e8b96e1ab97ce403110664 -> 
  custom:video-decoder-webm-vp8: 9c59270c3fd7afecdb556c50c9e8de78 -> 
  custom:audio-decoder-ogg-vorbis: bf7c407c2cedff20999df2af8eb42d56 -> 
  custom:audio-encoder-webm-vorbis: bf7c407c2cedff20999df2af8eb42d56 -> 
========================================================================
Received Import Request.
  path: Assets/Audio/fishCatch.wav
  artifactKey: Guid(b98f89144314f334fb77be72255f7c1f) Importer(815301076,1909f56bfc062723c751e8b465ee728b)
Start importing Assets/Audio/fishCatch.wav using Guid(b98f89144314f334fb77be72255f7c1f) Importer(815301076,1909f56bfc062723c751e8b465ee728b)  -> (artifact id: '149366f5fda13f6bfc513ecce514c70e') in 0.068676 seconds 
========================================================================
Received Import Request.
  Time since last request: 0.000118 seconds.
  path: Assets/Audio/buttonClick.wav
  artifactKey: Guid(74febde9b4741c44f932e633fdf69d85) Importer(815301076,1909f56bfc062723c751e8b465ee728b)
Start importing Assets/Audio/buttonClick.wav using Guid(74febde9b4741c44f932e633fdf69d85) Importer(815301076,1909f56bfc062723c751e8b465ee728b)  -> (artifact id: '722963712253e8cfdd0048ce69b0666f') in 0.006561 seconds 
========================================================================
Received Import Request.
  Time since last request: 5.214919 seconds.
  path: Assets/Audio
  artifactKey: Guid(be32318fbb4e61c4bac5b7a32ae016a9) Importer(815301076,1909f56bfc062723c751e8b465ee728b)
Start importing Assets/Audio using Guid(be32318fbb4e61c4bac5b7a32ae016a9) Importer(815301076,1909f56bfc062723c751e8b465ee728b)  -> (artifact id: '61c2aa9ccb39bd986b9673f452fabc8a') in 0.007125 seconds 
========================================================================
Received Prepare
Refreshing native plugins compatible for Editor in 3.59 ms, found 3 plugins.
Preloading 0 native plugins for Editor in 0.00 ms.
Unloading 12 Unused Serialized files (Serialized files now loaded: 0)
System memory in use before: 97.5 MB.
System memory in use after: 97.7 MB.

Unloading 12 unused Assets to reduce memory usage. Loaded Objects now: 3783.
Total: 3.970700 ms (FindLiveObjects: 0.284000 ms CreateObjectMapping: 0.075900 ms MarkObjects: 3.595300 ms  DeleteObjects: 0.014700 ms)

AssetImportParameters requested are different than current active one (requested -> active):
  custom:framework-win-MediaFoundation: 216162199b28c13a410421893ffa2e32 -> 
  custom:video-decoder-ogg-theora: a1e56fd34408186e4bbccfd4996cb3dc -> 
  custom:container-muxer-webm: aa71ff27fc2769a1b78a27578f13a17b -> 
  custom:container-demuxer-webm: 4f35f7cbe854078d1ac9338744f61a02 -> 
  custom:container-demuxer-ogg: 62fdf1f143b41e24485cea50d1cbac27 -> 
  custom:video-encoder-webm-vp8: eb34c28f22e8b96e1ab97ce403110664 -> 
  custom:video-decoder-webm-vp8: 9c59270c3fd7afecdb556c50c9e8de78 -> 
  custom:audio-decoder-ogg-vorbis: bf7c407c2cedff20999df2af8eb42d56 -> 
  custom:audio-encoder-webm-vorbis: bf7c407c2cedff20999df2af8eb42d56 -> 
========================================================================
Received Import Request.
  Time since last request: 406.713025 seconds.
  path: Assets/Audio/buttonClick2.wav
  artifactKey: Guid(91454ad333f5bff4daab0719c8fb51d0) Importer(815301076,1909f56bfc062723c751e8b465ee728b)
Start importing Assets/Audio/buttonClick2.wav using Guid(91454ad333f5bff4daab0719c8fb51d0) Importer(815301076,1909f56bfc062723c751e8b465ee728b)  -> (artifact id: 'ff46cea710eb449068ecb7e95fa1f0bd') in 0.009681 seconds 
========================================================================
Received Import Request.
  Time since last request: 2.398289 seconds.
  path: Assets/Audio/buttonClick1.ogg
  artifactKey: Guid(b74571aa7bbce6b49b3e6c261d74fe51) Importer(815301076,1909f56bfc062723c751e8b465ee728b)
Start importing Assets/Audio/buttonClick1.ogg using Guid(b74571aa7bbce6b49b3e6c261d74fe51) Importer(815301076,1909f56bfc062723c751e8b465ee728b)  -> (artifact id: 'e8de9dd77ceb51e84d2771895a87be77') in 0.007703 seconds 
========================================================================
Received Import Request.
  Time since last request: 126.900533 seconds.
  path: Assets/Audio/Lost In Nowhere.mp3
  artifactKey: Guid(ab2db2c666ef8df46ad798d5c8e072d6) Importer(815301076,1909f56bfc062723c751e8b465ee728b)
Start importing Assets/Audio/Lost In Nowhere.mp3 using Guid(ab2db2c666ef8df46ad798d5c8e072d6) Importer(815301076,1909f56bfc062723c751e8b465ee728b)  -> (artifact id: '535ae630785f988e5a1f73c69457f594') in 0.010476 seconds 
========================================================================
Received Prepare
Registering precompiled user dll's ...
Registered in 0.002270 seconds.
Begin MonoManager ReloadAssembly
Native extension for WindowsStandalone target not found
Native extension for WebGL target not found
Refreshing native plugins compatible for Editor in 0.57 ms, found 3 plugins.
Preloading 0 native plugins for Editor in 0.00 ms.
Mono: successfully reloaded assembly
- Completed reload, in  0.890 seconds
Domain Reload Profiling:
	ReloadAssembly (890ms)
		BeginReloadAssembly (107ms)
			ExecutionOrderSort (0ms)
			DisableScriptedObjects (5ms)
			BackupInstance (0ms)
			ReleaseScriptingObjects (0ms)
			CreateAndSetChildDomain (32ms)
		EndReloadAssembly (733ms)
			LoadAssemblies (73ms)
			RebuildTransferFunctionScriptingTraits (0ms)
			SetupTypeCache (267ms)
			ReleaseScriptCaches (2ms)
			RebuildScriptCaches (45ms)
			SetupLoadedEditorAssemblies (256ms)
				LogAssemblyErrors (0ms)
				InitializePlatformSupportModulesInManaged (4ms)
				SetLoadedEditorAssemblies (0ms)
				RefreshPlugins (1ms)
				BeforeProcessingInitializeOnLoad (66ms)
				ProcessInitializeOnLoadAttributes (173ms)
				ProcessInitializeOnLoadMethodAttributes (8ms)
				AfterProcessingInitializeOnLoad (4ms)
				EditorAssembliesLoaded (0ms)
			ExecutionOrderSort2 (0ms)
			AwakeInstancesAfterBackupRestoration (9ms)
Platform modules already initialized, skipping
Refreshing native plugins compatible for Editor in 0.57 ms, found 3 plugins.
Preloading 0 native plugins for Editor in 0.00 ms.
Unloading 3166 Unused Serialized files (Serialized files now loaded: 0)
System memory in use before: 160.0 MB.
System memory in use after: 160.2 MB.

Unloading 15 unused Assets to reduce memory usage. Loaded Objects now: 3785.
Total: 3.391800 ms (FindLiveObjects: 0.248800 ms CreateObjectMapping: 0.074000 ms MarkObjects: 3.053800 ms  DeleteObjects: 0.014300 ms)

AssetImportParameters requested are different than current active one (requested -> active):
  custom:framework-win-MediaFoundation: 216162199b28c13a410421893ffa2e32 -> 
  custom:video-decoder-ogg-theora: a1e56fd34408186e4bbccfd4996cb3dc -> 
  custom:container-muxer-webm: aa71ff27fc2769a1b78a27578f13a17b -> 
  custom:container-demuxer-webm: 4f35f7cbe854078d1ac9338744f61a02 -> 
  custom:container-demuxer-ogg: 62fdf1f143b41e24485cea50d1cbac27 -> 
  custom:video-encoder-webm-vp8: eb34c28f22e8b96e1ab97ce403110664 -> 
  custom:video-decoder-webm-vp8: 9c59270c3fd7afecdb556c50c9e8de78 -> 
  custom:audio-decoder-ogg-vorbis: bf7c407c2cedff20999df2af8eb42d56 -> 
  custom:audio-encoder-webm-vorbis: bf7c407c2cedff20999df2af8eb42d56 -> 
========================================================================
Received Prepare
Refreshing native plugins compatible for Editor in 3.15 ms, found 3 plugins.
Preloading 0 native plugins for Editor in 0.00 ms.
Unloading 12 Unused Serialized files (Serialized files now loaded: 0)
System memory in use before: 97.5 MB.
System memory in use after: 97.8 MB.

Unloading 12 unused Assets to reduce memory usage. Loaded Objects now: 3785.
Total: 3.150800 ms (FindLiveObjects: 0.252500 ms CreateObjectMapping: 0.070800 ms MarkObjects: 2.817100 ms  DeleteObjects: 0.009900 ms)

AssetImportParameters requested are different than current active one (requested -> active):
  custom:framework-win-MediaFoundation: 216162199b28c13a410421893ffa2e32 -> 
  custom:video-decoder-ogg-theora: a1e56fd34408186e4bbccfd4996cb3dc -> 
  custom:container-muxer-webm: aa71ff27fc2769a1b78a27578f13a17b -> 
  custom:container-demuxer-webm: 4f35f7cbe854078d1ac9338744f61a02 -> 
  custom:container-demuxer-ogg: 62fdf1f143b41e24485cea50d1cbac27 -> 
  custom:video-encoder-webm-vp8: eb34c28f22e8b96e1ab97ce403110664 -> 
  custom:video-decoder-webm-vp8: 9c59270c3fd7afecdb556c50c9e8de78 -> 
  custom:audio-decoder-ogg-vorbis: bf7c407c2cedff20999df2af8eb42d56 -> 
  custom:audio-encoder-webm-vorbis: bf7c407c2cedff20999df2af8eb42d56 -> 
========================================================================
Received Import Request.
  Time since last request: 471.644686 seconds.
  path: Assets/Sprites/personIcon.png
  artifactKey: Guid(a1248e73ac974824480a051d1d402add) Importer(815301076,1909f56bfc062723c751e8b465ee728b)
Start importing Assets/Sprites/personIcon.png using Guid(a1248e73ac974824480a051d1d402add) Importer(815301076,1909f56bfc062723c751e8b465ee728b)  -> (artifact id: '15bb6f77c338a69fe4a893eee5940b61') in 0.079255 seconds 
========================================================================
Received Prepare
Registering precompiled user dll's ...
Registered in 0.002163 seconds.
Begin MonoManager ReloadAssembly
Native extension for WindowsStandalone target not found
Native extension for WebGL target not found
Refreshing native plugins compatible for Editor in 0.61 ms, found 3 plugins.
Preloading 0 native plugins for Editor in 0.00 ms.
Mono: successfully reloaded assembly
- Completed reload, in  0.885 seconds
Domain Reload Profiling:
	ReloadAssembly (885ms)
		BeginReloadAssembly (99ms)
			ExecutionOrderSort (0ms)
			DisableScriptedObjects (5ms)
			BackupInstance (0ms)
			ReleaseScriptingObjects (0ms)
			CreateAndSetChildDomain (33ms)
		EndReloadAssembly (736ms)
			LoadAssemblies (73ms)
			RebuildTransferFunctionScriptingTraits (0ms)
			SetupTypeCache (264ms)
			ReleaseScriptCaches (1ms)
			RebuildScriptCaches (45ms)
			SetupLoadedEditorAssemblies (257ms)
				LogAssemblyErrors (0ms)
				InitializePlatformSupportModulesInManaged (4ms)
				SetLoadedEditorAssemblies (0ms)
				RefreshPlugins (1ms)
				BeforeProcessingInitializeOnLoad (66ms)
				ProcessInitializeOnLoadAttributes (173ms)
				ProcessInitializeOnLoadMethodAttributes (7ms)
				AfterProcessingInitializeOnLoad (4ms)
				EditorAssembliesLoaded (0ms)
			ExecutionOrderSort2 (0ms)
			AwakeInstancesAfterBackupRestoration (12ms)
Platform modules already initialized, skipping
Refreshing native plugins compatible for Editor in 0.57 ms, found 3 plugins.
Preloading 0 native plugins for Editor in 0.00 ms.
Unloading 3167 Unused Serialized files (Serialized files now loaded: 0)
System memory in use before: 160.9 MB.
System memory in use after: 161.1 MB.

Unloading 15 unused Assets to reduce memory usage. Loaded Objects now: 3805.
Total: 3.172300 ms (FindLiveObjects: 0.234900 ms CreateObjectMapping: 0.073600 ms MarkObjects: 2.849900 ms  DeleteObjects: 0.013000 ms)

AssetImportParameters requested are different than current active one (requested -> active):
  custom:framework-win-MediaFoundation: 216162199b28c13a410421893ffa2e32 -> 
  custom:video-decoder-ogg-theora: a1e56fd34408186e4bbccfd4996cb3dc -> 
  custom:container-muxer-webm: aa71ff27fc2769a1b78a27578f13a17b -> 
  custom:container-demuxer-webm: 4f35f7cbe854078d1ac9338744f61a02 -> 
  custom:container-demuxer-ogg: 62fdf1f143b41e24485cea50d1cbac27 -> 
  custom:video-encoder-webm-vp8: eb34c28f22e8b96e1ab97ce403110664 -> 
  custom:video-decoder-webm-vp8: 9c59270c3fd7afecdb556c50c9e8de78 -> 
  custom:audio-decoder-ogg-vorbis: bf7c407c2cedff20999df2af8eb42d56 -> 
  custom:audio-encoder-webm-vorbis: bf7c407c2cedff20999df2af8eb42d56 -> 
========================================================================
Received Import Request.
  Time since last request: 108.284518 seconds.
  path: Assets/Sprites/background.png
  artifactKey: Guid(3e0958a2014b53a4d9834a497240bae5) Importer(815301076,1909f56bfc062723c751e8b465ee728b)
Start importing Assets/Sprites/background.png using Guid(3e0958a2014b53a4d9834a497240bae5) Importer(815301076,1909f56bfc062723c751e8b465ee728b)  -> (artifact id: '9cbb301607ebd766a113e881ce1b2b9c') in 0.102056 seconds 
========================================================================
Received Import Request.
  Time since last request: 0.000135 seconds.
  path: Assets/Sprites/personCutout2.png
  artifactKey: Guid(322d54af6b2870545877832a2c1d3e4b) Importer(815301076,1909f56bfc062723c751e8b465ee728b)
Start importing Assets/Sprites/personCutout2.png using Guid(322d54af6b2870545877832a2c1d3e4b) Importer(815301076,1909f56bfc062723c751e8b465ee728b)  -> (artifact id: '937d832363d75dbbacf9a5a48f4ba923') in 0.012154 seconds 
========================================================================
Received Import Request.
  Time since last request: 0.000116 seconds.
  path: Assets/Sprites/underwaterBackground3.png
  artifactKey: Guid(18023d9cd255e1e44b041c3237fa5351) Importer(815301076,1909f56bfc062723c751e8b465ee728b)
Start importing Assets/Sprites/underwaterBackground3.png using Guid(18023d9cd255e1e44b041c3237fa5351) Importer(815301076,1909f56bfc062723c751e8b465ee728b)  -> (artifact id: '6e19b35c793ee17a7892d40097304c6a') in 0.012084 seconds 
========================================================================
Received Import Request.
  Time since last request: 0.000110 seconds.
  path: Assets/Sprites/icePixelFG.png
  artifactKey: Guid(a9aeffa98d9c08b4b96591487a4ae6a5) Importer(815301076,1909f56bfc062723c751e8b465ee728b)
Start importing Assets/Sprites/icePixelFG.png using Guid(a9aeffa98d9c08b4b96591487a4ae6a5) Importer(815301076,1909f56bfc062723c751e8b465ee728b)  -> (artifact id: '2beb17512171ea9e7f7f6279e4a3e6d6') in 0.012263 seconds 
========================================================================
Received Import Request.
  Time since last request: 0.000105 seconds.
  path: Assets/Sprites/nightSky.png
  artifactKey: Guid(152be285d0179174188e76c96aa025fe) Importer(815301076,1909f56bfc062723c751e8b465ee728b)
Start importing Assets/Sprites/nightSky.png using Guid(152be285d0179174188e76c96aa025fe) Importer(815301076,1909f56bfc062723c751e8b465ee728b)  -> (artifact id: '83ae3fdc3ee42a54ff3c7cb08af0183d') in 0.017545 seconds 
========================================================================
Received Import Request.
  Time since last request: 0.000103 seconds.
  path: Assets/Sprites/seaweed.png
  artifactKey: Guid(21ff70b04a2712e41946e6326b2b68d4) Importer(815301076,1909f56bfc062723c751e8b465ee728b)
Start importing Assets/Sprites/seaweed.png using Guid(21ff70b04a2712e41946e6326b2b68d4) Importer(815301076,1909f56bfc062723c751e8b465ee728b)  -> (artifact id: '33f5a5770de84d802cbad6fb41041425') in 0.014588 seconds 
========================================================================
Received Import Request.
  Time since last request: 0.000106 seconds.
  path: Assets/Sprites/basket2.png
  artifactKey: Guid(b279fac1df828e14ea49b453f325329a) Importer(815301076,1909f56bfc062723c751e8b465ee728b)
Start importing Assets/Sprites/basket2.png using Guid(b279fac1df828e14ea49b453f325329a) Importer(815301076,1909f56bfc062723c751e8b465ee728b)  -> (artifact id: 'c23240d2064fd477c45edc45df3f0dd3') in 0.010668 seconds 
========================================================================
Received Import Request.
  Time since last request: 0.000092 seconds.
  path: Assets/Sprites/basket1.png
  artifactKey: Guid(4a47635f0396ba24b83dbcaeae147821) Importer(815301076,1909f56bfc062723c751e8b465ee728b)
Start importing Assets/Sprites/basket1.png using Guid(4a47635f0396ba24b83dbcaeae147821) Importer(815301076,1909f56bfc062723c751e8b465ee728b)  -> (artifact id: '28e80556d55a5562be91da6819c677fb') in 0.010912 seconds 
========================================================================
Received Import Request.
  Time since last request: 0.000132 seconds.
  path: Assets/Sprites/icePixelBG.png
  artifactKey: Guid(071b3f54b4f5d0f4a912169bb3c32e3f) Importer(815301076,1909f56bfc062723c751e8b465ee728b)
Start importing Assets/Sprites/icePixelBG.png using Guid(071b3f54b4f5d0f4a912169bb3c32e3f) Importer(815301076,1909f56bfc062723c751e8b465ee728b)  -> (artifact id: '6959bf9dde814e92e5a6985126bd2029') in 0.011812 seconds 
========================================================================
Received Import Request.
  Time since last request: 0.000171 seconds.
  path: Assets/Sprites/fish green long.png
  artifactKey: Guid(99351ba44dc13014c9e3f7d81d4c25cc) Importer(815301076,1909f56bfc062723c751e8b465ee728b)
Start importing Assets/Sprites/fish green long.png using Guid(99351ba44dc13014c9e3f7d81d4c25cc) Importer(815301076,1909f56bfc062723c751e8b465ee728b)  -> (artifact id: 'a5cf2b86f3884cdf1888a9f941925875') in 0.010506 seconds 
========================================================================
Received Import Request.
  Time since last request: 0.000129 seconds.
  path: Assets/Sprites/hook2.png
  artifactKey: Guid(f2ac6b4a07988f54c95814dec5bea891) Importer(815301076,1909f56bfc062723c751e8b465ee728b)
Start importing Assets/Sprites/hook2.png using Guid(f2ac6b4a07988f54c95814dec5bea891) Importer(815301076,1909f56bfc062723c751e8b465ee728b)  -> (artifact id: '29d5e8961bc8bb576cc3c78cd94bab10') in 0.011922 seconds 
========================================================================
Received Import Request.
  Time since last request: 0.000113 seconds.
  path: Assets/Sprites/line1.png
  artifactKey: Guid(728c068e860ef994ea10a900c04323ed) Importer(815301076,1909f56bfc062723c751e8b465ee728b)
Start importing Assets/Sprites/line1.png using Guid(728c068e860ef994ea10a900c04323ed) Importer(815301076,1909f56bfc062723c751e8b465ee728b)  -> (artifact id: 'ff023f204bf8916caa0105de0a730c72') in 0.011320 seconds 
========================================================================
Received Import Request.
  Time since last request: 0.000147 seconds.
  path: Assets/Sprites/mountains.png
  artifactKey: Guid(2cc8f6cd05ad7c142bebf90010504b5f) Importer(815301076,1909f56bfc062723c751e8b465ee728b)
Start importing Assets/Sprites/mountains.png using Guid(2cc8f6cd05ad7c142bebf90010504b5f) Importer(815301076,1909f56bfc062723c751e8b465ee728b)  -> (artifact id: '98d763eea71a9ab76fd867f4d762f818') in 0.013141 seconds 
========================================================================
Received Import Request.
  Time since last request: 0.000122 seconds.
  path: Assets/Sprites/crab.png
  artifactKey: Guid(bcfd468bec3fd534f83e8aabe77c904d) Importer(815301076,1909f56bfc062723c751e8b465ee728b)
Start importing Assets/Sprites/crab.png using Guid(bcfd468bec3fd534f83e8aabe77c904d) Importer(815301076,1909f56bfc062723c751e8b465ee728b)  -> (artifact id: '540d689750a36422a5839843a2b456b0') in 0.012018 seconds 
========================================================================
Received Import Request.
  Time since last request: 0.000166 seconds.
  path: Assets/TextMesh Pro/Sprites/EmojiOne.png
  artifactKey: Guid(dffef66376be4fa480fb02b19edbe903) Importer(815301076,1909f56bfc062723c751e8b465ee728b)
Start importing Assets/TextMesh Pro/Sprites/EmojiOne.png using Guid(dffef66376be4fa480fb02b19edbe903) Importer(815301076,1909f56bfc062723c751e8b465ee728b)  -> (artifact id: '8110d1708471b02116c6abe2af68cc13') in 0.011083 seconds 
========================================================================
Received Import Request.
  Time since last request: 0.000118 seconds.
  path: Assets/Sprites/persontear.png
  artifactKey: Guid(975020daff911b84b992d8e4050ad116) Importer(815301076,1909f56bfc062723c751e8b465ee728b)
Start importing Assets/Sprites/persontear.png using Guid(975020daff911b84b992d8e4050ad116) Importer(815301076,1909f56bfc062723c751e8b465ee728b)  -> (artifact id: '22bc1c93d8215c66678dd28e9edc477c') in 0.013418 seconds 
========================================================================
Received Import Request.
  Time since last request: 0.000138 seconds.
  path: Assets/Sprites/fish green2.png
  artifactKey: Guid(ddb34579cc27b0b4c9790c42986ae125) Importer(815301076,1909f56bfc062723c751e8b465ee728b)
Start importing Assets/Sprites/fish green2.png using Guid(ddb34579cc27b0b4c9790c42986ae125) Importer(815301076,1909f56bfc062723c751e8b465ee728b)  -> (artifact id: 'a92236894f00c1504239b295dc28ca48') in 0.012060 seconds 
========================================================================
Received Import Request.
  Time since last request: 0.000154 seconds.
  path: Assets/Sprites/button2.png
  artifactKey: Guid(762c43c5f2494174c9e06f72bafbe4a5) Importer(815301076,1909f56bfc062723c751e8b465ee728b)
Start importing Assets/Sprites/button2.png using Guid(762c43c5f2494174c9e06f72bafbe4a5) Importer(815301076,1909f56bfc062723c751e8b465ee728b)  -> (artifact id: '79bc29e6975c0e77811e2b109d2fe833') in 0.013936 seconds 
========================================================================
Received Import Request.
  Time since last request: 0.000134 seconds.
  path: Assets/Sprites/eel.png
  artifactKey: Guid(22c945d4d3fcbf8438475e00382f028e) Importer(815301076,1909f56bfc062723c751e8b465ee728b)
Start importing Assets/Sprites/eel.png using Guid(22c945d4d3fcbf8438475e00382f028e) Importer(815301076,1909f56bfc062723c751e8b465ee728b)  -> (artifact id: '893cf31bb691d1d179cca00f8642078f') in 0.014248 seconds 
========================================================================
Received Import Request.
  Time since last request: 0.000120 seconds.
  path: Assets/Sprites/personCutout.png
  artifactKey: Guid(a52a552258dc18a4990decbd9e1e706d) Importer(815301076,1909f56bfc062723c751e8b465ee728b)
Start importing Assets/Sprites/personCutout.png using Guid(a52a552258dc18a4990decbd9e1e706d) Importer(815301076,1909f56bfc062723c751e8b465ee728b)  -> (artifact id: '4e49270a12936aa15333c955b7889338') in 0.010974 seconds 
========================================================================
Received Import Request.
  Time since last request: 0.000171 seconds.
  path: Assets/Sprites/button.png
  artifactKey: Guid(65e5b01fd2214ff4b846059b7384c895) Importer(815301076,1909f56bfc062723c751e8b465ee728b)
Start importing Assets/Sprites/button.png using Guid(65e5b01fd2214ff4b846059b7384c895) Importer(815301076,1909f56bfc062723c751e8b465ee728b)  -> (artifact id: '1bc4718c1bb971b718cc292c1d94f631') in 0.012203 seconds 
========================================================================
Received Import Request.
  Time since last request: 0.000193 seconds.
  path: Assets/Sprites/person.png
  artifactKey: Guid(c94bee01aaa49614584c19b8af45ecb1) Importer(815301076,1909f56bfc062723c751e8b465ee728b)
Start importing Assets/Sprites/person.png using Guid(c94bee01aaa49614584c19b8af45ecb1) Importer(815301076,1909f56bfc062723c751e8b465ee728b)  -> (artifact id: 'aa48edef58f1a48d2705c2a12a1c6b4e') in 0.011372 seconds 
========================================================================
Received Import Request.
  Time since last request: 0.000151 seconds.
  path: Assets/Sprites/underwaterBackground.png
  artifactKey: Guid(17d8a87d9191295408022a705621f188) Importer(815301076,1909f56bfc062723c751e8b465ee728b)
Start importing Assets/Sprites/underwaterBackground.png using Guid(17d8a87d9191295408022a705621f188) Importer(815301076,1909f56bfc062723c751e8b465ee728b)  -> (artifact id: '3eaee6ee6465cf61fc561ae5885819da') in 0.010912 seconds 
========================================================================
Received Import Request.
  Time since last request: 0.000136 seconds.
  path: Assets/Sprites/fish red2.png
  artifactKey: Guid(f378ba7974ccc42479ac66c4cbd337f3) Importer(815301076,1909f56bfc062723c751e8b465ee728b)
Start importing Assets/Sprites/fish red2.png using Guid(f378ba7974ccc42479ac66c4cbd337f3) Importer(815301076,1909f56bfc062723c751e8b465ee728b)  -> (artifact id: 'b42e195dcd6ff84a0e5650b1836f7496') in 0.011161 seconds 
========================================================================
Received Import Request.
  Time since last request: 0.000138 seconds.
  path: Assets/Sprites/DefaultSprite.png
  artifactKey: Guid(ed6bd8e6f6acd65448452793fdc5be52) Importer(815301076,1909f56bfc062723c751e8b465ee728b)
Start importing Assets/Sprites/DefaultSprite.png using Guid(ed6bd8e6f6acd65448452793fdc5be52) Importer(815301076,1909f56bfc062723c751e8b465ee728b)  -> (artifact id: '714852bfe095b3f7af70286b4f279f9d') in 0.012202 seconds 
========================================================================
Received Import Request.
  Time since last request: 0.000168 seconds.
  path: Assets/Sprites/basket.png
  artifactKey: Guid(872dac3edf1c00f47bef55ec723ee2b3) Importer(815301076,1909f56bfc062723c751e8b465ee728b)
Start importing Assets/Sprites/basket.png using Guid(872dac3edf1c00f47bef55ec723ee2b3) Importer(815301076,1909f56bfc062723c751e8b465ee728b)  -> (artifact id: '90c31948a6c80c296f434383d75e8c88') in 0.010882 seconds 
========================================================================
Received Import Request.
  Time since last request: 0.000129 seconds.
  path: Assets/Sprites/fish red long.png
  artifactKey: Guid(658c680bc3268b9409a095828d1e9d4d) Importer(815301076,1909f56bfc062723c751e8b465ee728b)
Start importing Assets/Sprites/fish red long.png using Guid(658c680bc3268b9409a095828d1e9d4d) Importer(815301076,1909f56bfc062723c751e8b465ee728b)  -> (artifact id: '0d08b2b0b14710be9ae67530ad5a2320') in 0.011615 seconds 
========================================================================
Received Import Request.
  Time since last request: 0.000111 seconds.
  path: Assets/Sprites/ocean.png
  artifactKey: Guid(e51c0d627e3f6c14dbccecbbe36d563b) Importer(815301076,1909f56bfc062723c751e8b465ee728b)
Start importing Assets/Sprites/ocean.png using Guid(e51c0d627e3f6c14dbccecbbe36d563b) Importer(815301076,1909f56bfc062723c751e8b465ee728b)  -> (artifact id: '9361f0a35c6470800d86a24fce4acb50') in 0.012453 seconds 
========================================================================
Received Import Request.
  Time since last request: 0.000160 seconds.
  path: Assets/Sprites/snow.png
  artifactKey: Guid(7f70e19200669fa4caf20c40d1d831b5) Importer(815301076,1909f56bfc062723c751e8b465ee728b)
Start importing Assets/Sprites/snow.png using Guid(7f70e19200669fa4caf20c40d1d831b5) Importer(815301076,1909f56bfc062723c751e8b465ee728b)  -> (artifact id: 'd1395fe0c0e54435e8a133c1e0dc222d') in 0.011036 seconds 
========================================================================
Received Import Request.
  Time since last request: 0.000107 seconds.
  path: Assets/Sprites/underwaterBackground2.png
  artifactKey: Guid(a1d2784a124f7c24080e7ade004eee8e) Importer(815301076,1909f56bfc062723c751e8b465ee728b)
Start importing Assets/Sprites/underwaterBackground2.png using Guid(a1d2784a124f7c24080e7ade004eee8e) Importer(815301076,1909f56bfc062723c751e8b465ee728b)  -> (artifact id: '5a343e1264eb50a17694440d1d3844b4') in 0.012169 seconds 
========================================================================
Received Import Request.
  Time since last request: 0.000156 seconds.
  path: Assets/Sprites/basket3.png
  artifactKey: Guid(9fff6563b55146a419528fc05971ac36) Importer(815301076,1909f56bfc062723c751e8b465ee728b)
Start importing Assets/Sprites/basket3.png using Guid(9fff6563b55146a419528fc05971ac36) Importer(815301076,1909f56bfc062723c751e8b465ee728b)  -> (artifact id: 'c422e1e3e85c4d2bd5d4f9677b4c4baf') in 0.010309 seconds 
========================================================================
Received Import Request.
  Time since last request: 0.000115 seconds.
  path: Assets/Sprites/flowe.png
  artifactKey: Guid(9c04e340964dc93409707efaf6b75b30) Importer(815301076,1909f56bfc062723c751e8b465ee728b)
Start importing Assets/Sprites/flowe.png using Guid(9c04e340964dc93409707efaf6b75b30) Importer(815301076,1909f56bfc062723c751e8b465ee728b)  -> (artifact id: 'f6885d616c3d5cd16d9eb7c28f262d6e') in 0.010129 seconds 
========================================================================
Received Import Request.
  Time since last request: 0.000181 seconds.
  path: Assets/Sprites/fish yellow.png
  artifactKey: Guid(3240efbd2a270b4458733b727a07bd0c) Importer(815301076,1909f56bfc062723c751e8b465ee728b)
Start importing Assets/Sprites/fish yellow.png using Guid(3240efbd2a270b4458733b727a07bd0c) Importer(815301076,1909f56bfc062723c751e8b465ee728b)  -> (artifact id: 'a6cfddeb0ee00485cdaeb9b0950dec3f') in 0.010201 seconds 
========================================================================
Received Import Request.
  Time since last request: 0.000160 seconds.
  path: Assets/Sprites/fish purple.png
  artifactKey: Guid(0018c49885ec92c4789a7cb21d599ea1) Importer(815301076,1909f56bfc062723c751e8b465ee728b)
Start importing Assets/Sprites/fish purple.png using Guid(0018c49885ec92c4789a7cb21d599ea1) Importer(815301076,1909f56bfc062723c751e8b465ee728b)  -> (artifact id: '250b1afcbb8074cc29572917dde0411b') in 0.012137 seconds 
========================================================================
Received Import Request.
  Time since last request: 0.000118 seconds.
  path: Assets/Sprites/personCutoutStatics.png
  artifactKey: Guid(75deb7eded2965e45838d8a81ca1a7c5) Importer(815301076,1909f56bfc062723c751e8b465ee728b)
Start importing Assets/Sprites/personCutoutStatics.png using Guid(75deb7eded2965e45838d8a81ca1a7c5) Importer(815301076,1909f56bfc062723c751e8b465ee728b)  -> (artifact id: '2cb34b6f812866428445d199adc37bed') in 0.011028 seconds 
========================================================================
Received Prepare
Refreshing native plugins compatible for Editor in 3.00 ms, found 3 plugins.
Preloading 0 native plugins for Editor in 0.00 ms.
Unloading 12 Unused Serialized files (Serialized files now loaded: 0)
System memory in use before: 98.8 MB.
System memory in use after: 99.0 MB.

Unloading 12 unused Assets to reduce memory usage. Loaded Objects now: 3869.
Total: 3.406500 ms (FindLiveObjects: 0.260500 ms CreateObjectMapping: 0.072100 ms MarkObjects: 3.063400 ms  DeleteObjects: 0.009900 ms)

AssetImportParameters requested are different than current active one (requested -> active):
  custom:framework-win-MediaFoundation: 216162199b28c13a410421893ffa2e32 -> 
  custom:video-decoder-ogg-theora: a1e56fd34408186e4bbccfd4996cb3dc -> 
  custom:container-muxer-webm: aa71ff27fc2769a1b78a27578f13a17b -> 
  custom:container-demuxer-webm: 4f35f7cbe854078d1ac9338744f61a02 -> 
  custom:container-demuxer-ogg: 62fdf1f143b41e24485cea50d1cbac27 -> 
  custom:video-encoder-webm-vp8: eb34c28f22e8b96e1ab97ce403110664 -> 
  custom:video-decoder-webm-vp8: 9c59270c3fd7afecdb556c50c9e8de78 -> 
  custom:audio-decoder-ogg-vorbis: bf7c407c2cedff20999df2af8eb42d56 -> 
  custom:audio-encoder-webm-vorbis: bf7c407c2cedff20999df2af8eb42d56 -> 
========================================================================
Received Prepare
Registering precompiled user dll's ...
Registered in 0.002278 seconds.
Begin MonoManager ReloadAssembly
Native extension for WindowsStandalone target not found
Native extension for WebGL target not found
Refreshing native plugins compatible for Editor in 0.58 ms, found 3 plugins.
Preloading 0 native plugins for Editor in 0.00 ms.
Mono: successfully reloaded assembly
- Completed reload, in  0.949 seconds
Domain Reload Profiling:
	ReloadAssembly (949ms)
		BeginReloadAssembly (111ms)
			ExecutionOrderSort (0ms)
			DisableScriptedObjects (5ms)
			BackupInstance (0ms)
			ReleaseScriptingObjects (0ms)
			CreateAndSetChildDomain (33ms)
		EndReloadAssembly (787ms)
			LoadAssemblies (72ms)
			RebuildTransferFunctionScriptingTraits (0ms)
			SetupTypeCache (280ms)
			ReleaseScriptCaches (2ms)
			RebuildScriptCaches (45ms)
			SetupLoadedEditorAssemblies (260ms)
				LogAssemblyErrors (0ms)
				InitializePlatformSupportModulesInManaged (5ms)
				SetLoadedEditorAssemblies (0ms)
				RefreshPlugins (1ms)
				BeforeProcessingInitializeOnLoad (65ms)
				ProcessInitializeOnLoadAttributes (178ms)
				ProcessInitializeOnLoadMethodAttributes (7ms)
				AfterProcessingInitializeOnLoad (4ms)
				EditorAssembliesLoaded (0ms)
			ExecutionOrderSort2 (0ms)
			AwakeInstancesAfterBackupRestoration (17ms)
Platform modules already initialized, skipping
Refreshing native plugins compatible for Editor in 0.56 ms, found 3 plugins.
Preloading 0 native plugins for Editor in 0.00 ms.
Unloading 3201 Unused Serialized files (Serialized files now loaded: 0)
System memory in use before: 202.3 MB.
System memory in use after: 202.6 MB.

Unloading 15 unused Assets to reduce memory usage. Loaded Objects now: 4361.
Total: 3.579100 ms (FindLiveObjects: 0.289400 ms CreateObjectMapping: 0.074300 ms MarkObjects: 3.196700 ms  DeleteObjects: 0.017800 ms)

AssetImportParameters requested are different than current active one (requested -> active):
  custom:framework-win-MediaFoundation: 216162199b28c13a410421893ffa2e32 -> 
  custom:video-decoder-ogg-theora: a1e56fd34408186e4bbccfd4996cb3dc -> 
  custom:container-muxer-webm: aa71ff27fc2769a1b78a27578f13a17b -> 
  custom:container-demuxer-webm: 4f35f7cbe854078d1ac9338744f61a02 -> 
  custom:container-demuxer-ogg: 62fdf1f143b41e24485cea50d1cbac27 -> 
  custom:video-encoder-webm-vp8: eb34c28f22e8b96e1ab97ce403110664 -> 
  custom:video-decoder-webm-vp8: 9c59270c3fd7afecdb556c50c9e8de78 -> 
  custom:audio-decoder-ogg-vorbis: bf7c407c2cedff20999df2af8eb42d56 -> 
  custom:audio-encoder-webm-vorbis: bf7c407c2cedff20999df2af8eb42d56 -> 
========================================================================
Received Prepare
Refreshing native plugins compatible for Editor in 3.07 ms, found 3 plugins.
Preloading 0 native plugins for Editor in 0.00 ms.
Unloading 12 Unused Serialized files (Serialized files now loaded: 0)
System memory in use before: 138.4 MB.
System memory in use after: 138.7 MB.

Unloading 12 unused Assets to reduce memory usage. Loaded Objects now: 4361.
Total: 3.334300 ms (FindLiveObjects: 0.305900 ms CreateObjectMapping: 0.075500 ms MarkObjects: 2.941600 ms  DeleteObjects: 0.010500 ms)

AssetImportParameters requested are different than current active one (requested -> active):
  custom:framework-win-MediaFoundation: 216162199b28c13a410421893ffa2e32 -> 
  custom:video-decoder-ogg-theora: a1e56fd34408186e4bbccfd4996cb3dc -> 
  custom:container-muxer-webm: aa71ff27fc2769a1b78a27578f13a17b -> 
  custom:container-demuxer-webm: 4f35f7cbe854078d1ac9338744f61a02 -> 
  custom:container-demuxer-ogg: 62fdf1f143b41e24485cea50d1cbac27 -> 
  custom:video-encoder-webm-vp8: eb34c28f22e8b96e1ab97ce403110664 -> 
  custom:video-decoder-webm-vp8: 9c59270c3fd7afecdb556c50c9e8de78 -> 
  custom:audio-decoder-ogg-vorbis: bf7c407c2cedff20999df2af8eb42d56 -> 
  custom:audio-encoder-webm-vorbis: bf7c407c2cedff20999df2af8eb42d56 -> 
========================================================================
Received Prepare
Refreshing native plugins compatible for Editor in 2.99 ms, found 3 plugins.
Preloading 0 native plugins for Editor in 0.00 ms.
Unloading 12 Unused Serialized files (Serialized files now loaded: 0)
System memory in use before: 138.4 MB.
System memory in use after: 138.7 MB.

Unloading 12 unused Assets to reduce memory usage. Loaded Objects now: 4361.
Total: 3.440000 ms (FindLiveObjects: 0.290400 ms CreateObjectMapping: 0.077700 ms MarkObjects: 3.060500 ms  DeleteObjects: 0.010700 ms)

AssetImportParameters requested are different than current active one (requested -> active):
  custom:framework-win-MediaFoundation: 216162199b28c13a410421893ffa2e32 -> 
  custom:video-decoder-ogg-theora: a1e56fd34408186e4bbccfd4996cb3dc -> 
  custom:container-muxer-webm: aa71ff27fc2769a1b78a27578f13a17b -> 
  custom:container-demuxer-webm: 4f35f7cbe854078d1ac9338744f61a02 -> 
  custom:container-demuxer-ogg: 62fdf1f143b41e24485cea50d1cbac27 -> 
  custom:video-encoder-webm-vp8: eb34c28f22e8b96e1ab97ce403110664 -> 
  custom:video-decoder-webm-vp8: 9c59270c3fd7afecdb556c50c9e8de78 -> 
  custom:audio-decoder-ogg-vorbis: bf7c407c2cedff20999df2af8eb42d56 -> 
  custom:audio-encoder-webm-vorbis: bf7c407c2cedff20999df2af8eb42d56 -> 
========================================================================
Received Prepare
Refreshing native plugins compatible for Editor in 3.12 ms, found 3 plugins.
Preloading 0 native plugins for Editor in 0.00 ms.
Unloading 12 Unused Serialized files (Serialized files now loaded: 0)
System memory in use before: 138.4 MB.
System memory in use after: 138.7 MB.

Unloading 12 unused Assets to reduce memory usage. Loaded Objects now: 4361.
Total: 3.604200 ms (FindLiveObjects: 0.319800 ms CreateObjectMapping: 0.076300 ms MarkObjects: 3.193800 ms  DeleteObjects: 0.013500 ms)

AssetImportParameters requested are different than current active one (requested -> active):
  custom:framework-win-MediaFoundation: 216162199b28c13a410421893ffa2e32 -> 
  custom:video-decoder-ogg-theora: a1e56fd34408186e4bbccfd4996cb3dc -> 
  custom:container-muxer-webm: aa71ff27fc2769a1b78a27578f13a17b -> 
  custom:container-demuxer-webm: 4f35f7cbe854078d1ac9338744f61a02 -> 
  custom:container-demuxer-ogg: 62fdf1f143b41e24485cea50d1cbac27 -> 
  custom:video-encoder-webm-vp8: eb34c28f22e8b96e1ab97ce403110664 -> 
  custom:video-decoder-webm-vp8: 9c59270c3fd7afecdb556c50c9e8de78 -> 
  custom:audio-decoder-ogg-vorbis: bf7c407c2cedff20999df2af8eb42d56 -> 
  custom:audio-encoder-webm-vorbis: bf7c407c2cedff20999df2af8eb42d56 -> 
========================================================================
Received Prepare
Registering precompiled user dll's ...
Registered in 0.004697 seconds.
Begin MonoManager ReloadAssembly
Native extension for WindowsStandalone target not found
Native extension for WebGL target not found
Refreshing native plugins compatible for Editor in 0.65 ms, found 3 plugins.
Preloading 0 native plugins for Editor in 0.00 ms.
Mono: successfully reloaded assembly
- Completed reload, in  1.032 seconds
Domain Reload Profiling:
	ReloadAssembly (1032ms)
		BeginReloadAssembly (116ms)
			ExecutionOrderSort (0ms)
			DisableScriptedObjects (8ms)
			BackupInstance (0ms)
			ReleaseScriptingObjects (0ms)
			CreateAndSetChildDomain (34ms)
		EndReloadAssembly (853ms)
			LoadAssemblies (91ms)
			RebuildTransferFunctionScriptingTraits (0ms)
			SetupTypeCache (299ms)
			ReleaseScriptCaches (2ms)
			RebuildScriptCaches (51ms)
			SetupLoadedEditorAssemblies (291ms)
				LogAssemblyErrors (0ms)
				InitializePlatformSupportModulesInManaged (5ms)
				SetLoadedEditorAssemblies (0ms)
				RefreshPlugins (1ms)
				BeforeProcessingInitializeOnLoad (78ms)
				ProcessInitializeOnLoadAttributes (192ms)
				ProcessInitializeOnLoadMethodAttributes (9ms)
				AfterProcessingInitializeOnLoad (5ms)
				EditorAssembliesLoaded (0ms)
			ExecutionOrderSort2 (0ms)
			AwakeInstancesAfterBackupRestoration (17ms)
Platform modules already initialized, skipping
Switching build target platform(19) subTarget(0) extendedPlatform(0) -> platform(13) subTarget(537395200) extendedPlatform(0)
Refreshing native plugins compatible for Editor in 0.60 ms, found 3 plugins.
Preloading 0 native plugins for Editor in 0.00 ms.
Unloading 3170 Unused Serialized files (Serialized files now loaded: 0)
System memory in use before: 200.8 MB.
System memory in use after: 201.0 MB.

Unloading 15 unused Assets to reduce memory usage. Loaded Objects now: 4363.
Total: 3.704600 ms (FindLiveObjects: 0.294700 ms CreateObjectMapping: 0.077600 ms MarkObjects: 3.315200 ms  DeleteObjects: 0.015900 ms)

AssetImportParameters requested are different than current active one (requested -> active):
  custom:framework-win-MediaFoundation: 216162199b28c13a410421893ffa2e32 -> 
  custom:video-decoder-ogg-theora: a1e56fd34408186e4bbccfd4996cb3dc -> 
  custom:container-muxer-webm: aa71ff27fc2769a1b78a27578f13a17b -> 
  custom:container-demuxer-webm: 4f35f7cbe854078d1ac9338744f61a02 -> 
  custom:container-demuxer-ogg: 62fdf1f143b41e24485cea50d1cbac27 -> 
  custom:video-encoder-webm-vp8: eb34c28f22e8b96e1ab97ce403110664 -> 
  custom:video-decoder-webm-vp8: 9c59270c3fd7afecdb556c50c9e8de78 -> 
  custom:graphics/normal-map-encoding: 01000000000000000000000000000000 -> 02000000000000000000000000000000
  custom:audio-decoder-ogg-vorbis: bf7c407c2cedff20999df2af8eb42d56 -> 
  custom:audio-encoder-webm-vorbis: bf7c407c2cedff20999df2af8eb42d56 -> 
========================================================================
Received Prepare
Refreshing native plugins compatible for Editor in 3.25 ms, found 3 plugins.
Preloading 0 native plugins for Editor in 0.00 ms.
Unloading 12 Unused Serialized files (Serialized files now loaded: 0)
System memory in use before: 140.1 MB.
System memory in use after: 140.3 MB.

Unloading 12 unused Assets to reduce memory usage. Loaded Objects now: 4363.
Total: 3.968700 ms (FindLiveObjects: 0.493300 ms CreateObjectMapping: 0.090000 ms MarkObjects: 3.371800 ms  DeleteObjects: 0.011600 ms)

AssetImportParameters requested are different than current active one (requested -> active):
  custom:framework-win-MediaFoundation: 216162199b28c13a410421893ffa2e32 -> 
  custom:video-decoder-ogg-theora: a1e56fd34408186e4bbccfd4996cb3dc -> 
  custom:container-muxer-webm: aa71ff27fc2769a1b78a27578f13a17b -> 
  custom:container-demuxer-webm: 4f35f7cbe854078d1ac9338744f61a02 -> 
  custom:container-demuxer-ogg: 62fdf1f143b41e24485cea50d1cbac27 -> 
  custom:video-encoder-webm-vp8: eb34c28f22e8b96e1ab97ce403110664 -> 
  custom:video-decoder-webm-vp8: 9c59270c3fd7afecdb556c50c9e8de78 -> 
  custom:audio-decoder-ogg-vorbis: bf7c407c2cedff20999df2af8eb42d56 -> 
  custom:audio-encoder-webm-vorbis: bf7c407c2cedff20999df2af8eb42d56 -> 
========================================================================
Received Prepare
Refreshing native plugins compatible for Editor in 2.91 ms, found 3 plugins.
Preloading 0 native plugins for Editor in 0.00 ms.
Unloading 12 Unused Serialized files (Serialized files now loaded: 0)
System memory in use before: 140.1 MB.
System memory in use after: 140.3 MB.

Unloading 12 unused Assets to reduce memory usage. Loaded Objects now: 4363.
Total: 4.069500 ms (FindLiveObjects: 0.308000 ms CreateObjectMapping: 0.075900 ms MarkObjects: 3.666100 ms  DeleteObjects: 0.018100 ms)

AssetImportParameters requested are different than current active one (requested -> active):
  custom:framework-win-MediaFoundation: 216162199b28c13a410421893ffa2e32 -> 
  custom:video-decoder-ogg-theora: a1e56fd34408186e4bbccfd4996cb3dc -> 
  custom:container-muxer-webm: aa71ff27fc2769a1b78a27578f13a17b -> 
  custom:container-demuxer-webm: 4f35f7cbe854078d1ac9338744f61a02 -> 
  custom:container-demuxer-ogg: 62fdf1f143b41e24485cea50d1cbac27 -> 
  custom:video-encoder-webm-vp8: eb34c28f22e8b96e1ab97ce403110664 -> 
  custom:video-decoder-webm-vp8: 9c59270c3fd7afecdb556c50c9e8de78 -> 
  custom:audio-decoder-ogg-vorbis: bf7c407c2cedff20999df2af8eb42d56 -> 
  custom:audio-encoder-webm-vorbis: bf7c407c2cedff20999df2af8eb42d56 -> 
AssetImportWorkerClient::OnTransportError - code=2 error=End of file
